<?xml version="1.0" encoding="UTF-8"?>
<!-- Generated by org.testng.reporters.JUnitXMLReporter -->
<testsuite ignored="0" hostname="Jemy" failures="0" tests="6" name="Regression Test" time="15.513" errors="0" timestamp="2024-02-13T21:22:47 EET">
  <testcase classname="tests.RegisteredUserCheckoutProductTest" name="LoginAndAddToCart" time="2.332"/>
  <testcase classname="tests.RegisteredUserCheckoutProductTest" name="goToCartTest" time="2.079"/>
  <testcase classname="tests.RegisteredUserCheckoutProductTest" name="OrderInDetails" time="1.084"/>
  <testcase classname="tests.RegisteredUserCheckoutProductTest" name="filTheForm" time="3.501"/>
  <testcase classname="tests.RegisteredUserCheckoutProductTest" name="confirmOrderTest" time="4.157"/>
  <testcase classname="tests.RegisteredUserCheckoutProductTest" name="userlogout" time="2.169"/>
</testsuite> <!-- Regression Test -->
